SOCIAL AUTH FATAL EXCEPTION: League\OAuth2\Client\Provider\Exception\IdentityProviderException - invalid_grant BODY: Array
(
    [error] => invalid_grant
    [error_description] => Bad Request
)

SOCIAL AUTH FATAL EXCEPTION: League\OAuth2\Client\Provider\Exception\IdentityProviderException - bad_verification_code BODY: Array
(
    [error] => bad_verification_code
    [error_description] => The code passed is incorrect or expired.
    [error_uri] => https://docs.github.com/apps/managing-oauth-apps/troubleshooting-oauth-app-access-token-request-errors/#bad-verification-code
)

SOCIAL AUTH FATAL EXCEPTION: League\OAuth2\Client\Provider\Exception\IdentityProviderException - invalid_grant BODY: Array
(
    [error] => invalid_grant
    [error_description] => Bad Request
)

SOCIAL AUTH FATAL EXCEPTION: League\OAuth2\Client\Provider\Exception\IdentityProviderException - invalid_grant BODY: Array
(
    [error] => invalid_grant
    [error_description] => Bad Request
)

